INFO:waitress:Serving on http://0.0.0.0:5000
Traceback (most recent call last):
  File "/home/ballinsincebirth/venv/bin/waitress-serve", line 8, in <module>
    sys.exit(run())
             ~~~^^
  File "/home/ballinsincebirth/venv/lib/python3.13/site-packages/waitress/runner.py", line 246, in run
    _serve(app, **kw)
    ~~~~~~^^^^^^^^^^^
  File "/home/ballinsincebirth/venv/lib/python3.13/site-packages/waitress/__init__.py", line 13, in serve
    server = _server(app, **kw)
  File "/home/ballinsincebirth/venv/lib/python3.13/site-packages/waitress/server.py", line 78, in create_server
    last_serv = TcpWSGIServer(
        application,
    ...<5 lines>...
        sockinfo=sockinfo,
    )
  File "/home/ballinsincebirth/venv/lib/python3.13/site-packages/waitress/server.py", line 243, in __init__
    self.bind_server_socket()
    ~~~~~~~~~~~~~~~~~~~~~~~^^
  File "/home/ballinsincebirth/venv/lib/python3.13/site-packages/waitress/server.py", line 364, in bind_server_socket
    self.bind(sockaddr)
    ~~~~~~~~~^^^^^^^^^^
  File "/home/ballinsincebirth/venv/lib/python3.13/site-packages/waitress/wasyncore.py", line 374, in bind
    return self.socket.bind(addr)
           ~~~~~~~~~~~~~~~~^^^^^^
OSError: [Errno 98] Address already in use
INFO:waitress:Serving on http://0.0.0.0:5000
INFO:waitress:Serving on http://0.0.0.0:5000
INFO:waitress:Serving on http://0.0.0.0:5000
INFO:waitress:Serving on http://0.0.0.0:5000
INFO:waitress:Serving on http://0.0.0.0:5000
INFO:waitress:Serving on http://0.0.0.0:5000
Traceback (most recent call last):
  File "/home/ballinsincebirth/keygen/bot.py", line 2, in <module>
    import aiohttp
ModuleNotFoundError: No module named 'aiohttp'
[2026-05-02 00:32:44] [INFO    ] discord.client: logging in using static token
[2026-05-02 00:32:45] [INFO    ] discord.gateway: Shard ID None has connected to Gateway (Session ID: fadce2073a9ad1e655300498ef5af27d).
[2026-05-02 00:36:19] [INFO    ] discord.client: logging in using static token
[2026-05-02 00:36:21] [INFO    ] discord.gateway: Shard ID None has connected to Gateway (Session ID: 97fe512bff4c9cb5800d411a3ce1f92a).
